[2026-02-13 13:18:51] This is codeql execute queries -J-Xmx1800M --off-heap-ram=1660 --verbosity=progress --logdir=/Users/amirali/Documents/code/test/demo-db/log --evaluator-log-level=5 --warnings=show --search-path=/Users/amirali/Documents/code/test/codeql/cpp-examples (/Users/amirali/Documents/code/iris_all/iris-v2-fork/codeql/qlpacks/codeql/cpp-examples/0.0.0)
                      codeql/cpp-queries (/Users/amirali/Documents/code/iris_all/iris-v2-fork/codeql/qlpacks/codeql/cpp-queries/0.9.2)
                      codeql/csharp-examples (/Users/amirali/Documents/code/iris_all/iris-v2-fork/codeql/qlpacks/codeql/csharp-examples/0.0.0)
                      codeql/csharp-queries (/Users/amirali/Documents/code/iris_all/iris-v2-fork/codeql/qlpacks/codeql/csharp-queries/0.8.6)
                      codeql/go-examples (/Users/amirali/Documents/code/iris_all/iris-v2-fork/codeql/qlpacks/codeql/go-examples/0.0.0)
                      codeql/go-queries (/Users/amirali/Documents/code/iris_all/iris-v2-fork/codeql/qlpacks/codeql/go-queries/0.7.6)
                      codeql/java-examples (/Users/amirali/Documents/code/iris_all/iris-v2-fork/codeql/qlpacks/codeql/java-examples/0.0.0)
                      codeql/java-queries (/Users/amirali/Documents/code/iris_all/iris-v2-fork/codeql/qlpacks/codeql/java-queries/0.8.6)
                      codeql/javascript-examples (/Users/amirali/Documents/code/iris_all/iris-v2-fork/codeql/qlpacks/codeql/javascript-examples/0.0.0)
                      codeql/javascript-queries (/Users/amirali/Documents/code/iris_all/iris-v2-fork/codeql/qlpacks/codeql/javascript-queries/0.8.6)
                      codeql/python-examples (/Users/amirali/Documents/code/iris_all/iris-v2-fork/codeql/qlpacks/codeql/python-examples/0.0.0)
                      codeql/python-queries (/Users/amirali/Documents/code/iris_all/iris-v2-fork/codeql/qlpacks/codeql/python-queries/0.9.6)
                      codeql/ruby-examples (/Users/amirali/Documents/code/iris_all/iris-v2-fork/codeql/qlpacks/codeql/ruby-examples/0.0.0)
                      codeql/ruby-queries (/Users/amirali/Documents/code/iris_all/iris-v2-fork/codeql/qlpacks/codeql/ruby-queries/0.8.6)
                      codeql/swift-queries (/Users/amirali/Documents/code/iris_all/iris-v2-fork/codeql/qlpacks/codeql/swift-queries/0.3.6)
                      legacy-upgrades (/Users/amirali/Documents/code/iris_all/iris-v2-fork/codeql/legacy-upgrades) --qlconfig-file=/Users/amirali/Documents/code/test/qlconfig.yml --no-rerun --interpret-passthrough=null,--format=sarifv2.1.0,-o=/Users/amirali/Documents/code/test/results.sarif,--max-paths=4,--csv-location-format=line-column,--print-diagnostics-summary,--print-metrics-summary,--search-path=/Users/amirali/Documents/code/test/codeql/cpp-examples (/Users/amirali/Documents/code/iris_all/iris-v2-fork/codeql/qlpacks/codeql/cpp-examples/0.0.0)
                      codeql/cpp-queries (/Users/amirali/Documents/code/iris_all/iris-v2-fork/codeql/qlpacks/codeql/cpp-queries/0.9.2)
                      codeql/csharp-examples (/Users/amirali/Documents/code/iris_all/iris-v2-fork/codeql/qlpacks/codeql/csharp-examples/0.0.0)
                      codeql/csharp-queries (/Users/amirali/Documents/code/iris_all/iris-v2-fork/codeql/qlpacks/codeql/csharp-queries/0.8.6)
                      codeql/go-examples (/Users/amirali/Documents/code/iris_all/iris-v2-fork/codeql/qlpacks/codeql/go-examples/0.0.0)
                      codeql/go-queries (/Users/amirali/Documents/code/iris_all/iris-v2-fork/codeql/qlpacks/codeql/go-queries/0.7.6)
                      codeql/java-examples (/Users/amirali/Documents/code/iris_all/iris-v2-fork/codeql/qlpacks/codeql/java-examples/0.0.0)
                      codeql/java-queries (/Users/amirali/Documents/code/iris_all/iris-v2-fork/codeql/qlpacks/codeql/java-queries/0.8.6)
                      codeql/javascript-examples (/Users/amirali/Documents/code/iris_all/iris-v2-fork/codeql/qlpacks/codeql/javascript-examples/0.0.0)
                      codeql/javascript-queries (/Users/amirali/Documents/code/iris_all/iris-v2-fork/codeql/qlpacks/codeql/javascript-queries/0.8.6)
                      codeql/python-examples (/Users/amirali/Documents/code/iris_all/iris-v2-fork/codeql/qlpacks/codeql/python-examples/0.0.0)
                      codeql/python-queries (/Users/amirali/Documents/code/iris_all/iris-v2-fork/codeql/qlpacks/codeql/python-queries/0.9.6)
                      codeql/ruby-examples (/Users/amirali/Documents/code/iris_all/iris-v2-fork/codeql/qlpacks/codeql/ruby-examples/0.0.0)
                      codeql/ruby-queries (/Users/amirali/Documents/code/iris_all/iris-v2-fork/codeql/qlpacks/codeql/ruby-queries/0.8.6)
                      codeql/swift-queries (/Users/amirali/Documents/code/iris_all/iris-v2-fork/codeql/qlpacks/codeql/swift-queries/0.3.6)
                      legacy-upgrades (/Users/amirali/Documents/code/iris_all/iris-v2-fork/codeql/legacy-upgrades),--qlconfig-file=/Users/amirali/Documents/code/test/qlconfig.yml,--,/Users/amirali/Documents/code/test/demo-db,FlowSensitivityDemoTaint.ql --output=/Users/amirali/Documents/code/test/demo-db/results -- /Users/amirali/Documents/code/test/demo-db/db-java FlowSensitivityDemoTaint.ql
[2026-02-13 13:18:51] Calling plumbing command: codeql resolve queries --search-path=/Users/amirali/Documents/code/test/codeql/cpp-examples (/Users/amirali/Documents/code/iris_all/iris-v2-fork/codeql/qlpacks/codeql/cpp-examples/0.0.0)
                      codeql/cpp-queries (/Users/amirali/Documents/code/iris_all/iris-v2-fork/codeql/qlpacks/codeql/cpp-queries/0.9.2)
                      codeql/csharp-examples (/Users/amirali/Documents/code/iris_all/iris-v2-fork/codeql/qlpacks/codeql/csharp-examples/0.0.0)
                      codeql/csharp-queries (/Users/amirali/Documents/code/iris_all/iris-v2-fork/codeql/qlpacks/codeql/csharp-queries/0.8.6)
                      codeql/go-examples (/Users/amirali/Documents/code/iris_all/iris-v2-fork/codeql/qlpacks/codeql/go-examples/0.0.0)
                      codeql/go-queries (/Users/amirali/Documents/code/iris_all/iris-v2-fork/codeql/qlpacks/codeql/go-queries/0.7.6)
                      codeql/java-examples (/Users/amirali/Documents/code/iris_all/iris-v2-fork/codeql/qlpacks/codeql/java-examples/0.0.0)
                      codeql/java-queries (/Users/amirali/Documents/code/iris_all/iris-v2-fork/codeql/qlpacks/codeql/java-queries/0.8.6)
                      codeql/javascript-examples (/Users/amirali/Documents/code/iris_all/iris-v2-fork/codeql/qlpacks/codeql/javascript-examples/0.0.0)
                      codeql/javascript-queries (/Users/amirali/Documents/code/iris_all/iris-v2-fork/codeql/qlpacks/codeql/javascript-queries/0.8.6)
                      codeql/python-examples (/Users/amirali/Documents/code/iris_all/iris-v2-fork/codeql/qlpacks/codeql/python-examples/0.0.0)
                      codeql/python-queries (/Users/amirali/Documents/code/iris_all/iris-v2-fork/codeql/qlpacks/codeql/python-queries/0.9.6)
                      codeql/ruby-examples (/Users/amirali/Documents/code/iris_all/iris-v2-fork/codeql/qlpacks/codeql/ruby-examples/0.0.0)
                      codeql/ruby-queries (/Users/amirali/Documents/code/iris_all/iris-v2-fork/codeql/qlpacks/codeql/ruby-queries/0.8.6)
                      codeql/swift-queries (/Users/amirali/Documents/code/iris_all/iris-v2-fork/codeql/qlpacks/codeql/swift-queries/0.3.6)
                      legacy-upgrades (/Users/amirali/Documents/code/iris_all/iris-v2-fork/codeql/legacy-upgrades) --qlconfig-file=/Users/amirali/Documents/code/test/qlconfig.yml --format=json -- FlowSensitivityDemoTaint.ql
[2026-02-13 13:18:51] [PROGRESS] resolve queries> Recording pack reference (anonymous QL pack at /Users/amirali/Documents/code/test/FlowSensitivityDemoTaint.ql) at /Users/amirali/Documents/code/test.
[2026-02-13 13:18:51] Plumbing command codeql resolve queries completed:
                      [
                        "/Users/amirali/Documents/code/test/FlowSensitivityDemoTaint.ql"
                      ]
[2026-02-13 13:18:51] Creating executor with 1 threads.
[2026-02-13 13:18:51] Calling plumbing command: codeql resolve extensions --search-path=/Users/amirali/Documents/code/test/codeql/cpp-examples (/Users/amirali/Documents/code/iris_all/iris-v2-fork/codeql/qlpacks/codeql/cpp-examples/0.0.0)
                      codeql/cpp-queries (/Users/amirali/Documents/code/iris_all/iris-v2-fork/codeql/qlpacks/codeql/cpp-queries/0.9.2)
                      codeql/csharp-examples (/Users/amirali/Documents/code/iris_all/iris-v2-fork/codeql/qlpacks/codeql/csharp-examples/0.0.0)
                      codeql/csharp-queries (/Users/amirali/Documents/code/iris_all/iris-v2-fork/codeql/qlpacks/codeql/csharp-queries/0.8.6)
                      codeql/go-examples (/Users/amirali/Documents/code/iris_all/iris-v2-fork/codeql/qlpacks/codeql/go-examples/0.0.0)
                      codeql/go-queries (/Users/amirali/Documents/code/iris_all/iris-v2-fork/codeql/qlpacks/codeql/go-queries/0.7.6)
                      codeql/java-examples (/Users/amirali/Documents/code/iris_all/iris-v2-fork/codeql/qlpacks/codeql/java-examples/0.0.0)
                      codeql/java-queries (/Users/amirali/Documents/code/iris_all/iris-v2-fork/codeql/qlpacks/codeql/java-queries/0.8.6)
                      codeql/javascript-examples (/Users/amirali/Documents/code/iris_all/iris-v2-fork/codeql/qlpacks/codeql/javascript-examples/0.0.0)
                      codeql/javascript-queries (/Users/amirali/Documents/code/iris_all/iris-v2-fork/codeql/qlpacks/codeql/javascript-queries/0.8.6)
                      codeql/python-examples (/Users/amirali/Documents/code/iris_all/iris-v2-fork/codeql/qlpacks/codeql/python-examples/0.0.0)
                      codeql/python-queries (/Users/amirali/Documents/code/iris_all/iris-v2-fork/codeql/qlpacks/codeql/python-queries/0.9.6)
                      codeql/ruby-examples (/Users/amirali/Documents/code/iris_all/iris-v2-fork/codeql/qlpacks/codeql/ruby-examples/0.0.0)
                      codeql/ruby-queries (/Users/amirali/Documents/code/iris_all/iris-v2-fork/codeql/qlpacks/codeql/ruby-queries/0.8.6)
                      codeql/swift-queries (/Users/amirali/Documents/code/iris_all/iris-v2-fork/codeql/qlpacks/codeql/swift-queries/0.3.6)
                      legacy-upgrades (/Users/amirali/Documents/code/iris_all/iris-v2-fork/codeql/legacy-upgrades) --qlconfig-file=/Users/amirali/Documents/code/test/qlconfig.yml FlowSensitivityDemoTaint.ql
[2026-02-13 13:18:51] Calling plumbing command: codeql resolve queries --search-path=/Users/amirali/Documents/code/test/codeql/cpp-examples (/Users/amirali/Documents/code/iris_all/iris-v2-fork/codeql/qlpacks/codeql/cpp-examples/0.0.0)
                      codeql/cpp-queries (/Users/amirali/Documents/code/iris_all/iris-v2-fork/codeql/qlpacks/codeql/cpp-queries/0.9.2)
                      codeql/csharp-examples (/Users/amirali/Documents/code/iris_all/iris-v2-fork/codeql/qlpacks/codeql/csharp-examples/0.0.0)
                      codeql/csharp-queries (/Users/amirali/Documents/code/iris_all/iris-v2-fork/codeql/qlpacks/codeql/csharp-queries/0.8.6)
                      codeql/go-examples (/Users/amirali/Documents/code/iris_all/iris-v2-fork/codeql/qlpacks/codeql/go-examples/0.0.0)
                      codeql/go-queries (/Users/amirali/Documents/code/iris_all/iris-v2-fork/codeql/qlpacks/codeql/go-queries/0.7.6)
                      codeql/java-examples (/Users/amirali/Documents/code/iris_all/iris-v2-fork/codeql/qlpacks/codeql/java-examples/0.0.0)
                      codeql/java-queries (/Users/amirali/Documents/code/iris_all/iris-v2-fork/codeql/qlpacks/codeql/java-queries/0.8.6)
                      codeql/javascript-examples (/Users/amirali/Documents/code/iris_all/iris-v2-fork/codeql/qlpacks/codeql/javascript-examples/0.0.0)
                      codeql/javascript-queries (/Users/amirali/Documents/code/iris_all/iris-v2-fork/codeql/qlpacks/codeql/javascript-queries/0.8.6)
                      codeql/python-examples (/Users/amirali/Documents/code/iris_all/iris-v2-fork/codeql/qlpacks/codeql/python-examples/0.0.0)
                      codeql/python-queries (/Users/amirali/Documents/code/iris_all/iris-v2-fork/codeql/qlpacks/codeql/python-queries/0.9.6)
                      codeql/ruby-examples (/Users/amirali/Documents/code/iris_all/iris-v2-fork/codeql/qlpacks/codeql/ruby-examples/0.0.0)
                      codeql/ruby-queries (/Users/amirali/Documents/code/iris_all/iris-v2-fork/codeql/qlpacks/codeql/ruby-queries/0.8.6)
                      codeql/swift-queries (/Users/amirali/Documents/code/iris_all/iris-v2-fork/codeql/qlpacks/codeql/swift-queries/0.3.6)
                      legacy-upgrades (/Users/amirali/Documents/code/iris_all/iris-v2-fork/codeql/legacy-upgrades) --qlconfig-file=/Users/amirali/Documents/code/test/qlconfig.yml --allow-library-packs --format startingpacks -- FlowSensitivityDemoTaint.ql
[2026-02-13 13:18:51] [PROGRESS] resolve queries> Recording pack reference (anonymous QL pack at /Users/amirali/Documents/code/test/FlowSensitivityDemoTaint.ql) at /Users/amirali/Documents/code/test.
[2026-02-13 13:18:51] Plumbing command codeql resolve queries completed:
                      [
                        "/Users/amirali/Documents/code/test"
                      ]
[2026-02-13 13:18:51] Calling plumbing command: codeql resolve extensions-by-pack --search-path=/Users/amirali/Documents/code/test/codeql/cpp-examples (/Users/amirali/Documents/code/iris_all/iris-v2-fork/codeql/qlpacks/codeql/cpp-examples/0.0.0)
                      codeql/cpp-queries (/Users/amirali/Documents/code/iris_all/iris-v2-fork/codeql/qlpacks/codeql/cpp-queries/0.9.2)
                      codeql/csharp-examples (/Users/amirali/Documents/code/iris_all/iris-v2-fork/codeql/qlpacks/codeql/csharp-examples/0.0.0)
                      codeql/csharp-queries (/Users/amirali/Documents/code/iris_all/iris-v2-fork/codeql/qlpacks/codeql/csharp-queries/0.8.6)
                      codeql/go-examples (/Users/amirali/Documents/code/iris_all/iris-v2-fork/codeql/qlpacks/codeql/go-examples/0.0.0)
                      codeql/go-queries (/Users/amirali/Documents/code/iris_all/iris-v2-fork/codeql/qlpacks/codeql/go-queries/0.7.6)
                      codeql/java-examples (/Users/amirali/Documents/code/iris_all/iris-v2-fork/codeql/qlpacks/codeql/java-examples/0.0.0)
                      codeql/java-queries (/Users/amirali/Documents/code/iris_all/iris-v2-fork/codeql/qlpacks/codeql/java-queries/0.8.6)
                      codeql/javascript-examples (/Users/amirali/Documents/code/iris_all/iris-v2-fork/codeql/qlpacks/codeql/javascript-examples/0.0.0)
                      codeql/javascript-queries (/Users/amirali/Documents/code/iris_all/iris-v2-fork/codeql/qlpacks/codeql/javascript-queries/0.8.6)
                      codeql/python-examples (/Users/amirali/Documents/code/iris_all/iris-v2-fork/codeql/qlpacks/codeql/python-examples/0.0.0)
                      codeql/python-queries (/Users/amirali/Documents/code/iris_all/iris-v2-fork/codeql/qlpacks/codeql/python-queries/0.9.6)
                      codeql/ruby-examples (/Users/amirali/Documents/code/iris_all/iris-v2-fork/codeql/qlpacks/codeql/ruby-examples/0.0.0)
                      codeql/ruby-queries (/Users/amirali/Documents/code/iris_all/iris-v2-fork/codeql/qlpacks/codeql/ruby-queries/0.8.6)
                      codeql/swift-queries (/Users/amirali/Documents/code/iris_all/iris-v2-fork/codeql/qlpacks/codeql/swift-queries/0.3.6)
                      legacy-upgrades (/Users/amirali/Documents/code/iris_all/iris-v2-fork/codeql/legacy-upgrades) --qlconfig-file=/Users/amirali/Documents/code/test/qlconfig.yml -- /Users/amirali/Documents/code/test
[2026-02-13 13:18:51] [SPAMMY] resolve extensions-by-pack> [INCOMPATIBILITY] <anonymous pack>: not 0.0.0 {root: <anonymous pack>@0.0.0}
[2026-02-13 13:18:51] [SPAMMY] resolve extensions-by-pack> [DERIVATION] <anonymous pack>: 0.0.0 {<anonymous pack>: not 0.0.0 {root: <anonymous pack>@0.0.0}}
[2026-02-13 13:18:51] [SPAMMY] resolve extensions-by-pack> [DECISION 1] <anonymous pack>: 0.0.0
[2026-02-13 13:18:51] Plumbing command codeql resolve extensions-by-pack completed:
                      {
                        "models" : [ ],
                        "data" : { },
                        "threatModels" : { },
                        "extensionPacks" : [ ]
                      }
[2026-02-13 13:18:51] Plumbing command codeql resolve extensions completed:
                      {
                        "models" : [ ],
                        "data" : { },
                        "threatModels" : { },
                        "extensionPacks" : [ ]
                      }
[2026-02-13 13:18:51] Calling plumbing command: codeql resolve library-path --search-path=/Users/amirali/Documents/code/test/codeql/cpp-examples (/Users/amirali/Documents/code/iris_all/iris-v2-fork/codeql/qlpacks/codeql/cpp-examples/0.0.0)
                      codeql/cpp-queries (/Users/amirali/Documents/code/iris_all/iris-v2-fork/codeql/qlpacks/codeql/cpp-queries/0.9.2)
                      codeql/csharp-examples (/Users/amirali/Documents/code/iris_all/iris-v2-fork/codeql/qlpacks/codeql/csharp-examples/0.0.0)
                      codeql/csharp-queries (/Users/amirali/Documents/code/iris_all/iris-v2-fork/codeql/qlpacks/codeql/csharp-queries/0.8.6)
                      codeql/go-examples (/Users/amirali/Documents/code/iris_all/iris-v2-fork/codeql/qlpacks/codeql/go-examples/0.0.0)
                      codeql/go-queries (/Users/amirali/Documents/code/iris_all/iris-v2-fork/codeql/qlpacks/codeql/go-queries/0.7.6)
                      codeql/java-examples (/Users/amirali/Documents/code/iris_all/iris-v2-fork/codeql/qlpacks/codeql/java-examples/0.0.0)
                      codeql/java-queries (/Users/amirali/Documents/code/iris_all/iris-v2-fork/codeql/qlpacks/codeql/java-queries/0.8.6)
                      codeql/javascript-examples (/Users/amirali/Documents/code/iris_all/iris-v2-fork/codeql/qlpacks/codeql/javascript-examples/0.0.0)
                      codeql/javascript-queries (/Users/amirali/Documents/code/iris_all/iris-v2-fork/codeql/qlpacks/codeql/javascript-queries/0.8.6)
                      codeql/python-examples (/Users/amirali/Documents/code/iris_all/iris-v2-fork/codeql/qlpacks/codeql/python-examples/0.0.0)
                      codeql/python-queries (/Users/amirali/Documents/code/iris_all/iris-v2-fork/codeql/qlpacks/codeql/python-queries/0.9.6)
                      codeql/ruby-examples (/Users/amirali/Documents/code/iris_all/iris-v2-fork/codeql/qlpacks/codeql/ruby-examples/0.0.0)
                      codeql/ruby-queries (/Users/amirali/Documents/code/iris_all/iris-v2-fork/codeql/qlpacks/codeql/ruby-queries/0.8.6)
                      codeql/swift-queries (/Users/amirali/Documents/code/iris_all/iris-v2-fork/codeql/qlpacks/codeql/swift-queries/0.3.6)
                      legacy-upgrades (/Users/amirali/Documents/code/iris_all/iris-v2-fork/codeql/legacy-upgrades) --qlconfig-file=/Users/amirali/Documents/code/test/qlconfig.yml --query=/Users/amirali/Documents/code/test/FlowSensitivityDemoTaint.ql --format=json
[2026-02-13 13:18:51] [DETAILS] resolve library-path> Resolving query at normalized path /Users/amirali/Documents/code/test/FlowSensitivityDemoTaint.ql.
[2026-02-13 13:18:51] [DETAILS] resolve library-path> Found no pack; trying after symlink resolution with /Users/amirali/Documents/code/test/FlowSensitivityDemoTaint.ql.
[2026-02-13 13:18:51] [DETAILS] resolve library-path> Found enclosing pack 'test' at /Users/amirali/Documents/code/test.
[2026-02-13 13:18:51] [DETAILS] resolve library-path> Adding compilation cache at /Users/amirali/.codeql/compile-cache.
[2026-02-13 13:18:51] [DETAILS] resolve library-path> Resolving library dependencies from /Users/amirali/Documents/code/test/FlowSensitivityDemoTaint.ql.
[2026-02-13 13:18:51] [SPAMMY] resolve library-path> [INCOMPATIBILITY] <anonymous pack>: not 0.0.0 {root: <anonymous pack>@0.0.0}
[2026-02-13 13:18:51] [SPAMMY] resolve library-path> [DERIVATION] <anonymous pack>: 0.0.0 {<anonymous pack>: not 0.0.0 {root: <anonymous pack>@0.0.0}}
[2026-02-13 13:18:51] [SPAMMY] resolve library-path> [DECISION 1] <anonymous pack>: 0.0.0
[2026-02-13 13:18:51] [DETAILS] resolve library-path> QL pack dependencies for /Users/amirali/Documents/code/test resolved OK.
[2026-02-13 13:18:51] [DETAILS] resolve library-path> Found no dbscheme through dependencies.
[2026-02-13 13:18:51] Plumbing command codeql resolve library-path completed:
                      {
                        "libraryPath" : [
                          "/Users/amirali/Documents/code/test"
                        ],
                        "compilationCache" : [
                          "/Users/amirali/.codeql/compile-cache"
                        ],
                        "relativeName" : "test/FlowSensitivityDemoTaint.ql",
                        "possibleAdvice" : "There should probably be a qlpack.yml file declaring dependencies in /Users/amirali/Documents/code/test or an enclosing directory.",
                        "qlPackName" : "test"
                      }
[2026-02-13 13:18:51] [PROGRESS] execute queries> Compiling query plan for /Users/amirali/Documents/code/test/FlowSensitivityDemoTaint.ql.
[2026-02-13 13:18:51] [DETAILS] execute queries> Resolving imports for /Users/amirali/Documents/code/test/FlowSensitivityDemoTaint.ql.
[2026-02-13 13:18:51] Resolved file set for /Users/amirali/Documents/code/test/FlowSensitivityDemoTaint.ql hashes to 337fdfa6697320fdcf7eca87760d0ec43d2b192b.
[2026-02-13 13:18:51] [DETAILS] execute queries> Checking QL for /Users/amirali/Documents/code/test/FlowSensitivityDemoTaint.ql.
[2026-02-13 13:18:51] ExternalModuleBindingPass ...
[2026-02-13 13:18:51] ExternalModuleBindingPass time: 00:00.000
[2026-02-13 13:18:51] CollectInstantiationsPass ...
[2026-02-13 13:18:51] CollectInstantiationsPass time: 00:00.001
[2026-02-13 13:18:51] Ambiguity checks ...
[2026-02-13 13:18:51] Ambiguity checks time: 00:00.001
[2026-02-13 13:18:51] Ql checks ...
[2026-02-13 13:18:51] Ql checks time: 00:00.015
[2026-02-13 13:18:51] [ERROR] execute queries> ERROR: hasFlowPath(<unknown>, <unknown>) cannot be resolved for type DemoConfig (/Users/amirali/Documents/code/test/FlowSensitivityDemoTaint.ql:32,11-22)
[2026-02-13 13:18:51] [ERROR] execute queries> ERROR: Could not resolve module java. There should probably be a qlpack.yml file declaring dependencies in /Users/amirali/Documents/code/test or an enclosing directory. (/Users/amirali/Documents/code/test/FlowSensitivityDemoTaint.ql:6,8-12)
[2026-02-13 13:18:51] [ERROR] execute queries> ERROR: Could not resolve module semmle.code.java.dataflow.TaintTracking. There should probably be a qlpack.yml file declaring dependencies in /Users/amirali/Documents/code/test or an enclosing directory. (/Users/amirali/Documents/code/test/FlowSensitivityDemoTaint.ql:7,8-47)
[2026-02-13 13:18:51] [ERROR] execute queries> ERROR: Could not resolve module DataFlow. There should probably be a qlpack.yml file declaring dependencies in /Users/amirali/Documents/code/test or an enclosing directory. (/Users/amirali/Documents/code/test/FlowSensitivityDemoTaint.ql:8,8-16)
[2026-02-13 13:18:51] [ERROR] execute queries> ERROR: Could not resolve module TaintTracking. There should probably be a qlpack.yml file declaring dependencies in /Users/amirali/Documents/code/test or an enclosing directory. (/Users/amirali/Documents/code/test/FlowSensitivityDemoTaint.ql:10,26-39)
[2026-02-13 13:18:51] [ERROR] execute queries> ERROR: Could not resolve module DataFlow. There should probably be a qlpack.yml file declaring dependencies in /Users/amirali/Documents/code/test or an enclosing directory. (/Users/amirali/Documents/code/test/FlowSensitivityDemoTaint.ql:13,31-39)
[2026-02-13 13:18:51] [ERROR] execute queries> ERROR: Could not resolve type Method (/Users/amirali/Documents/code/test/FlowSensitivityDemoTaint.ql:14,12-18)
[2026-02-13 13:18:51] [ERROR] execute queries> ERROR: Could not resolve module DataFlow. There should probably be a qlpack.yml file declaring dependencies in /Users/amirali/Documents/code/test or an enclosing directory. (/Users/amirali/Documents/code/test/FlowSensitivityDemoTaint.ql:21,29-37)
[2026-02-13 13:18:51] [ERROR] execute queries> ERROR: Could not resolve type MethodAccess (/Users/amirali/Documents/code/test/FlowSensitivityDemoTaint.ql:22,12-24)
[2026-02-13 13:18:51] [ERROR] execute queries> ERROR: Could not resolve module DataFlow. There should probably be a qlpack.yml file declaring dependencies in /Users/amirali/Documents/code/test or an enclosing directory. (/Users/amirali/Documents/code/test/FlowSensitivityDemoTaint.ql:31,22-30)
[2026-02-13 13:18:51] [ERROR] execute queries> ERROR: Could not resolve module DataFlow. There should probably be a qlpack.yml file declaring dependencies in /Users/amirali/Documents/code/test or an enclosing directory. (/Users/amirali/Documents/code/test/FlowSensitivityDemoTaint.ql:31,49-57)
[2026-02-13 13:18:51] [ERROR] execute queries> ERROR: DemoConfig must implement toString() (/Users/amirali/Documents/code/test/FlowSensitivityDemoTaint.ql:10,7-17)
[2026-02-13 13:18:51] [ERROR] execute queries> ERROR: Class must extend or implement at least one type (/Users/amirali/Documents/code/test/FlowSensitivityDemoTaint.ql:10,7-17)
[2026-02-13 13:18:51] [ERROR] execute queries> ERROR: This predicate does not override another predicate (/Users/amirali/Documents/code/test/FlowSensitivityDemoTaint.ql:13,3-19,4)
[2026-02-13 13:18:51] [ERROR] execute queries> ERROR: This predicate does not override another predicate (/Users/amirali/Documents/code/test/FlowSensitivityDemoTaint.ql:21,3-28,4)
[2026-02-13 13:18:51] Sequence stamp origin is -5947470000733657715
[2026-02-13 13:18:51] Pausing evaluation to close the cache at sequence stamp o+0
[2026-02-13 13:18:51] The disk cache is freshly trimmed; leave it be.
[2026-02-13 13:18:51] Unpausing evaluation
[2026-02-13 13:18:51] This NaiveBuddyAllocator requested 0 eviction rounds.
[2026-02-13 13:18:51] Exiting with code 2
